\BOOKMARK [1][-]{section.1}{\376\377\145\340\221\315\131\015\143\222\136\217}{}% 1
\BOOKMARK [2][-]{subsection.1.1}{\376\377\147\054\121\163\116\373\122\241}{section.1}% 2
\BOOKMARK [2][-]{subsection.1.2}{\376\377\211\343\154\325}{section.1}% 3
\BOOKMARK [1][-]{section.2}{\376\377\147\000\167\355\215\357}{}% 4
\BOOKMARK [2][-]{subsection.2.1}{\376\377\147\054\121\163\116\373\122\241}{section.2}% 5
\BOOKMARK [2][-]{subsection.2.2}{\376\377\211\343\154\325}{section.2}% 6
\BOOKMARK [2][-]{subsection.2.3}{\376\377\122\006\147\220\116\016\213\301\146\016}{section.2}% 7
\BOOKMARK [2][-]{subsection.2.4}{\376\377\150\067\117\213\217\223\121\145\116\016\217\223\121\372}{section.2}% 8
\BOOKMARK [1][-]{section.3}{\376\377\147\000\131\047\142\354\123\367\215\335\171\273}{}% 9
\BOOKMARK [2][-]{subsection.3.1}{\376\377\147\054\121\163\116\373\122\241}{section.3}% 10
\BOOKMARK [2][-]{subsection.3.2}{\376\377\211\343\154\325}{section.3}% 11
\BOOKMARK [2][-]{subsection.3.3}{\376\377\122\006\147\220\116\016\213\301\146\016}{section.3}% 12
\BOOKMARK [2][-]{subsection.3.4}{\376\377\150\067\117\213\217\223\121\145\116\016\217\223\121\372}{section.3}% 13
\BOOKMARK [1][-]{section.4}{\376\377\142\354\123\367\123\071\221\115}{}% 14
\BOOKMARK [2][-]{subsection.4.1}{\376\377\147\054\121\163\116\373\122\241}{section.4}% 15
\BOOKMARK [2][-]{subsection.4.2}{\376\377\211\343\154\325}{section.4}% 16
\BOOKMARK [2][-]{subsection.4.3}{\376\377\122\006\147\220\116\016\213\301\146\016}{section.4}% 17
\BOOKMARK [2][-]{subsection.4.4}{\376\377\150\067\117\213\217\223\121\145\116\016\217\223\121\372}{section.4}% 18
\BOOKMARK [1][-]{section.5}{\376\377\232\330\174\276\136\246\145\164\145\160}{}% 19
\BOOKMARK [2][-]{subsection.5.1}{\376\377\147\054\121\163\116\373\122\241}{section.5}% 20
\BOOKMARK [2][-]{subsection.5.2}{\376\377\211\343\154\325}{section.5}% 21
\BOOKMARK [2][-]{subsection.5.3}{\376\377\122\006\147\220\116\016\213\301\146\016}{section.5}% 22
\BOOKMARK [2][-]{subsection.5.4}{\376\377\150\067\117\213\217\223\121\145\116\016\217\223\121\372}{section.5}% 23
\BOOKMARK [1][-]{section.6}{\376\377\145\340\221\315\131\015\143\222\136\217}{}% 24
\BOOKMARK [2][-]{subsection.6.1}{\376\377\147\054\121\163\116\373\122\241}{section.6}% 25
\BOOKMARK [2][-]{subsection.6.2}{\376\377\211\343\154\325}{section.6}% 26
